<?xml version="1.0" encoding="UTF-8"?>
<!-- Generated by org.testng.reporters.JUnitXMLReporter -->
<testsuite ignored="1" hostname="user14" failures="0" tests="1" name="ModuleOneTest(failed)" time="6.596" errors="0" timestamp="2024-11-07T11:13:24 IST">
  <testcase classname="TestScripts.GooglePageSearchTest" name="SeleniumSearchTest" time="2.985"/>
  <testcase classname="TestScripts.GooglePageSearchTest" name="javaSearchTest" time="0.0">
    <ignored/>
  </testcase> <!-- javaSearchTest -->
</testsuite> <!-- ModuleOneTest(failed) -->
