<?xml version="1.0" encoding="UTF-8"?>
<!-- Generated by org.testng.reporters.JUnitXMLReporter -->
<testsuite ignored="0" hostname="user14" failures="0" tests="4" name="ModuleOneTest" time="5.853" errors="0" timestamp="2024-11-08T12:29:28 IST">
  <testcase classname="parallelScripts.SampleTwoTest" name="testOne" time="3.759"/>
  <testcase classname="parallelScripts.SampleTwoTest" name="testTwo" time="3.932"/>
  <testcase classname="parallelScripts.SampleTwoTest" name="testFour" time="5.491"/>
  <testcase classname="parallelScripts.SampleTwoTest" name="testThree" time="5.794"/>
</testsuite> <!-- ModuleOneTest -->
