<?xml version="1.0" encoding="UTF-8"?>
<testng-results ignored="0" total="2" passed="2" failed="0" skipped="0">
  <reporter-output>
  </reporter-output>
  <suite started-at="2024-11-08T13:21:04 IST" name="Default suite" finished-at="2024-11-08T13:21:20 IST" duration-ms="15306">
    <groups>
    </groups>
    <test started-at="2024-11-08T13:21:04 IST" name="Default test" finished-at="2024-11-08T13:21:20 IST" duration-ms="15306">
      <class name="TestScripts.ExtentReportSampleTest">
        <test-method is-config="true" signature="setupExtent()[pri:0, instance:TestScripts.ExtentReportSampleTest@316bcf94]" started-at="2024-11-08T13:21:04 IST" name="setupExtent" finished-at="2024-11-08T13:21:05 IST" duration-ms="556" status="PASS">
          <reporter-output>
          </reporter-output>
        </test-method> <!-- setupExtent -->
        <test-method is-config="true" signature="setup()[pri:0, instance:TestScripts.ExtentReportSampleTest@316bcf94]" started-at="2024-11-08T13:21:05 IST" name="setup" finished-at="2024-11-08T13:21:09 IST" duration-ms="4001" status="PASS">
          <reporter-output>
          </reporter-output>
        </test-method> <!-- setup -->
        <test-method signature="appiumSearchTest()[pri:0, instance:TestScripts.ExtentReportSampleTest@316bcf94]" started-at="2024-11-08T13:21:09 IST" name="appiumSearchTest" finished-at="2024-11-08T13:21:14 IST" duration-ms="4690" status="PASS">
          <reporter-output>
          </reporter-output>
        </test-method> <!-- appiumSearchTest -->
        <test-method is-config="true" signature="teardown()[pri:0, instance:TestScripts.ExtentReportSampleTest@316bcf94]" started-at="2024-11-08T13:21:14 IST" name="teardown" finished-at="2024-11-08T13:21:14 IST" duration-ms="467" status="PASS">
          <reporter-output>
          </reporter-output>
        </test-method> <!-- teardown -->
        <test-method is-config="true" signature="setup()[pri:0, instance:TestScripts.ExtentReportSampleTest@316bcf94]" started-at="2024-11-08T13:21:14 IST" name="setup" finished-at="2024-11-08T13:21:16 IST" duration-ms="1877" status="PASS">
          <reporter-output>
          </reporter-output>
        </test-method> <!-- setup -->
        <test-method signature="cucumberSearchTest()[pri:0, instance:TestScripts.ExtentReportSampleTest@316bcf94]" started-at="2024-11-08T13:21:16 IST" name="cucumberSearchTest" finished-at="2024-11-08T13:21:19 IST" duration-ms="2651" status="PASS">
          <reporter-output>
          </reporter-output>
        </test-method> <!-- cucumberSearchTest -->
        <test-method is-config="true" signature="teardown()[pri:0, instance:TestScripts.ExtentReportSampleTest@316bcf94]" started-at="2024-11-08T13:21:19 IST" name="teardown" finished-at="2024-11-08T13:21:19 IST" duration-ms="344" status="PASS">
          <reporter-output>
          </reporter-output>
        </test-method> <!-- teardown -->
        <test-method is-config="true" signature="finishExtent()[pri:0, instance:TestScripts.ExtentReportSampleTest@316bcf94]" started-at="2024-11-08T13:21:19 IST" name="finishExtent" finished-at="2024-11-08T13:21:20 IST" duration-ms="653" status="PASS">
          <reporter-output>
          </reporter-output>
        </test-method> <!-- finishExtent -->
      </class> <!-- TestScripts.ExtentReportSampleTest -->
    </test> <!-- Default test -->
  </suite> <!-- Default suite -->
</testng-results>
