<?xml version="1.0" encoding="UTF-8"?>
<testng-results ignored="0" total="1" passed="1" failed="0" skipped="0">
  <reporter-output>
  </reporter-output>
  <suite started-at="2024-10-29T18:15:51 IST" name="Default suite" finished-at="2024-10-29T18:16:04 IST" duration-ms="12908">
    <groups>
    </groups>
    <test started-at="2024-10-29T18:15:51 IST" name="Default test" finished-at="2024-10-29T18:16:04 IST" duration-ms="12908">
      <class name="TestScripts.GooglePageTest">
        <test-method signature="searchJavaTest()[pri:0, instance:TestScripts.GooglePageTest@57d7f8ca]" started-at="2024-10-29T18:15:51 IST" name="searchJavaTest" finished-at="2024-10-29T18:16:04 IST" duration-ms="12826" status="PASS">
          <reporter-output>
          </reporter-output>
        </test-method> <!-- searchJavaTest -->
      </class> <!-- TestScripts.GooglePageTest -->
    </test> <!-- Default test -->
  </suite> <!-- Default suite -->
</testng-results>
